<?xml version="1.0" encoding="UTF-8" ?>
<testsuite tests="21" failures="0" name="com.mycompany.softwareguildweek10_superhero.SuperHeroWorldDaoTest" time="2.621" errors="0" skipped="0">
  <properties>
    <property name="java.runtime.name" value="Java(TM) SE Runtime Environment"/>
    <property name="sun.boot.library.path" value="/Library/Java/JavaVirtualMachines/jdk1.8.0_131.jdk/Contents/Home/jre/lib"/>
    <property name="java.vm.version" value="25.131-b11"/>
    <property name="gopherProxySet" value="false"/>
    <property name="java.vm.vendor" value="Oracle Corporation"/>
    <property name="java.vendor.url" value="http://java.oracle.com/"/>
    <property name="path.separator" value=":"/>
    <property name="guice.disable.misplaced.annotation.check" value="true"/>
    <property name="java.vm.name" value="Java HotSpot(TM) 64-Bit Server VM"/>
    <property name="file.encoding.pkg" value="sun.io"/>
    <property name="user.country" value="US"/>
    <property name="sun.java.launcher" value="SUN_STANDARD"/>
    <property name="sun.os.patch.level" value="unknown"/>
    <property name="java.vm.specification.name" value="Java Virtual Machine Specification"/>
    <property name="user.dir" value="/Users/yidingweng/Documents/Yiding_SoftwareGuild2017/yiding_weng_individual_work/SoftwareGuildWeek10_SuperHeroComplete"/>
    <property name="java.runtime.version" value="1.8.0_131-b11"/>
    <property name="java.awt.graphicsenv" value="sun.awt.CGraphicsEnvironment"/>
    <property name="java.endorsed.dirs" value="/Library/Java/JavaVirtualMachines/jdk1.8.0_131.jdk/Contents/Home/jre/lib/endorsed"/>
    <property name="os.arch" value="x86_64"/>
    <property name="java.io.tmpdir" value="/var/folders/lr/8c0bj3tx1_xgdx9s8b10qfb40000gn/T/"/>
    <property name="line.separator" value="
"/>
    <property name="java.vm.specification.vendor" value="Oracle Corporation"/>
    <property name="os.name" value="Mac OS X"/>
    <property name="maven.ext.class.path" value="/Applications/NetBeans/NetBeans 8.2.app/Contents/Resources/NetBeans/java/maven-nblib/netbeans-eventspy.jar"/>
    <property name="classworlds.conf" value="/Applications/NetBeans/NetBeans 8.2.app/Contents/Resources/NetBeans/java/maven/bin/m2.conf"/>
    <property name="sun.jnu.encoding" value="UTF-8"/>
    <property name="java.library.path" value="/Users/yidingweng/Library/Java/Extensions:/Library/Java/Extensions:/Network/Library/Java/Extensions:/System/Library/Java/Extensions:/usr/lib/java:."/>
    <property name="java.specification.name" value="Java Platform API Specification"/>
    <property name="java.class.version" value="52.0"/>
    <property name="sun.management.compiler" value="HotSpot 64-Bit Tiered Compilers"/>
    <property name="os.version" value="10.12.2"/>
    <property name="http.nonProxyHosts" value="local|*.local|169.254/16|*.169.254/16"/>
    <property name="user.home" value="/Users/yidingweng"/>
    <property name="user.timezone" value="Asia/Shanghai"/>
    <property name="java.awt.printerjob" value="sun.lwawt.macosx.CPrinterJob"/>
    <property name="java.specification.version" value="1.8"/>
    <property name="file.encoding" value="UTF-8"/>
    <property name="user.name" value="yidingweng"/>
    <property name="java.class.path" value="/Applications/NetBeans/NetBeans 8.2.app/Contents/Resources/NetBeans/java/maven/boot/plexus-classworlds-2.4.jar"/>
    <property name="java.vm.specification.version" value="1.8"/>
    <property name="sun.arch.data.model" value="64"/>
    <property name="java.home" value="/Library/Java/JavaVirtualMachines/jdk1.8.0_131.jdk/Contents/Home/jre"/>
    <property name="sun.java.command" value="org.codehaus.plexus.classworlds.launcher.Launcher -Dmaven.ext.class.path=/Applications/NetBeans/NetBeans 8.2.app/Contents/Resources/NetBeans/java/maven-nblib/netbeans-eventspy.jar clean install"/>
    <property name="java.specification.vendor" value="Oracle Corporation"/>
    <property name="user.language" value="en"/>
    <property name="awt.toolkit" value="sun.lwawt.macosx.LWCToolkit"/>
    <property name="java.vm.info" value="mixed mode"/>
    <property name="java.version" value="1.8.0_131"/>
    <property name="java.ext.dirs" value="/Users/yidingweng/Library/Java/Extensions:/Library/Java/JavaVirtualMachines/jdk1.8.0_131.jdk/Contents/Home/jre/lib/ext:/Library/Java/Extensions:/Network/Library/Java/Extensions:/System/Library/Java/Extensions:/usr/lib/java"/>
    <property name="sun.boot.class.path" value="/Library/Java/JavaVirtualMachines/jdk1.8.0_131.jdk/Contents/Home/jre/lib/resources.jar:/Library/Java/JavaVirtualMachines/jdk1.8.0_131.jdk/Contents/Home/jre/lib/rt.jar:/Library/Java/JavaVirtualMachines/jdk1.8.0_131.jdk/Contents/Home/jre/lib/sunrsasign.jar:/Library/Java/JavaVirtualMachines/jdk1.8.0_131.jdk/Contents/Home/jre/lib/jsse.jar:/Library/Java/JavaVirtualMachines/jdk1.8.0_131.jdk/Contents/Home/jre/lib/jce.jar:/Library/Java/JavaVirtualMachines/jdk1.8.0_131.jdk/Contents/Home/jre/lib/charsets.jar:/Library/Java/JavaVirtualMachines/jdk1.8.0_131.jdk/Contents/Home/jre/lib/jfr.jar:/Library/Java/JavaVirtualMachines/jdk1.8.0_131.jdk/Contents/Home/jre/classes"/>
    <property name="java.vendor" value="Oracle Corporation"/>
    <property name="maven.home" value="/Applications/NetBeans/NetBeans 8.2.app/Contents/Resources/NetBeans/java/maven"/>
    <property name="file.separator" value="/"/>
    <property name="java.vendor.url.bug" value="http://bugreport.sun.com/bugreport/"/>
    <property name="sun.cpu.endian" value="little"/>
    <property name="sun.io.unicode.encoding" value="UnicodeBig"/>
    <property name="socksNonProxyHosts" value="local|*.local|169.254/16|*.169.254/16"/>
    <property name="ftp.nonProxyHosts" value="local|*.local|169.254/16|*.169.254/16"/>
    <property name="sun.cpu.isalist" value=""/>
  </properties>
  <testcase classname="com.mycompany.softwareguildweek10_superhero.SuperHeroWorldDaoTest" name="addGetSuperPower" time="0.938"/>
  <testcase classname="com.mycompany.softwareguildweek10_superhero.SuperHeroWorldDaoTest" name="addGetOrganization" time="0.09"/>
  <testcase classname="com.mycompany.softwareguildweek10_superhero.SuperHeroWorldDaoTest" name="updateLocation" time="0.081"/>
  <testcase classname="com.mycompany.softwareguildweek10_superhero.SuperHeroWorldDaoTest" name="addgetdeleteSighting" time="0.2"/>
  <testcase classname="com.mycompany.softwareguildweek10_superhero.SuperHeroWorldDaoTest" name="deleteLocation" time="0.097"/>
  <testcase classname="com.mycompany.softwareguildweek10_superhero.SuperHeroWorldDaoTest" name="getAllOrganizations" time="0.096"/>
  <testcase classname="com.mycompany.softwareguildweek10_superhero.SuperHeroWorldDaoTest" name="updateOrganization" time="0.051"/>
  <testcase classname="com.mycompany.softwareguildweek10_superhero.SuperHeroWorldDaoTest" name="addGetLocation" time="0.052"/>
  <testcase classname="com.mycompany.softwareguildweek10_superhero.SuperHeroWorldDaoTest" name="deleteSuperHero" time="0.066"/>
  <testcase classname="com.mycompany.softwareguildweek10_superhero.SuperHeroWorldDaoTest" name="findSuperPowersForSuperHero" time="0.056"/>
  <testcase classname="com.mycompany.softwareguildweek10_superhero.SuperHeroWorldDaoTest" name="getSightingsByLocationidAndSightingDate" time="0.073"/>
  <testcase classname="com.mycompany.softwareguildweek10_superhero.SuperHeroWorldDaoTest" name="update_getSightingsBySightingDate" time="0.072"/>
  <testcase classname="com.mycompany.softwareguildweek10_superhero.SuperHeroWorldDaoTest" name="updateSuperHero" time="0.102"/>
  <testcase classname="com.mycompany.softwareguildweek10_superhero.SuperHeroWorldDaoTest" name="getAllSuperHeros" time="0.085"/>
  <testcase classname="com.mycompany.softwareguildweek10_superhero.SuperHeroWorldDaoTest" name="deleteSuperPower" time="0.067"/>
  <testcase classname="com.mycompany.softwareguildweek10_superhero.SuperHeroWorldDaoTest" name="updateSuperPower" time="0.06"/>
  <testcase classname="com.mycompany.softwareguildweek10_superhero.SuperHeroWorldDaoTest" name="getAllLocations" time="0.052"/>
  <testcase classname="com.mycompany.softwareguildweek10_superhero.SuperHeroWorldDaoTest" name="addgetSuperHero" time="0.063"/>
  <testcase classname="com.mycompany.softwareguildweek10_superhero.SuperHeroWorldDaoTest" name="findOrganizationsForSuperHero" time="0.104"/>
  <testcase classname="com.mycompany.softwareguildweek10_superhero.SuperHeroWorldDaoTest" name="getSuperHerosBySuperPoweridByOrganizationid" time="0.063"/>
  <testcase classname="com.mycompany.softwareguildweek10_superhero.SuperHeroWorldDaoTest" name="getALLSuperPowers" time="0.07"/>
</testsuite>